::1 - - [12/Apr/2022:09:02:38 +0200] "GET / HTTP/1.1" 200 1973
::1 - - [12/Apr/2022:09:02:39 +0200] "GET / HTTP/1.1" 200 1973
::1 - - [12/Apr/2022:09:02:39 +0200] "GET /css/styles.css HTTP/1.1" 200 7113
::1 - - [12/Apr/2022:09:02:40 +0200] "GET /css/aquire.otf HTTP/1.1" 200 24072
::1 - - [12/Apr/2022:09:02:40 +0200] "GET /imgs/a_icon.png HTTP/1.1" 200 416
::1 - - [12/Apr/2022:09:03:17 +0200] "GET / HTTP/1.1" 200 1973
::1 - - [12/Apr/2022:09:04:50 +0200] "GET / HTTP/1.1" 200 3298
::1 - - [12/Apr/2022:09:04:50 +0200] "GET /java/main.js HTTP/1.1" 200 774
::1 - - [12/Apr/2022:09:04:53 +0200] "GET /posts.php HTTP/1.1" 200 9871
::1 - - [12/Apr/2022:09:04:55 +0200] "GET /forums.php HTTP/1.1" 200 3298
::1 - - [12/Apr/2022:09:04:58 +0200] "GET /posts.php HTTP/1.1" 200 9871
::1 - - [12/Apr/2022:09:05:12 +0200] "GET /functions/defined_post.php?post=1 HTTP/1.1" 200 1697
::1 - - [12/Apr/2022:09:05:14 +0200] "GET /posts.php HTTP/1.1" 200 9871
::1 - - [12/Apr/2022:09:05:15 +0200] "GET /functions/user_show.php?user_id=9 HTTP/1.1" 200 2290
::1 - - [12/Apr/2022:09:05:17 +0200] "GET /posts.php HTTP/1.1" 200 9871
::1 - - [12/Apr/2022:09:09:01 +0200] "GET /functions/defined_post.php?post=1 HTTP/1.1" 200 1697
::1 - - [12/Apr/2022:09:11:16 +0200] "GET /posts.php HTTP/1.1" 200 9871
::1 - - [12/Apr/2022:09:11:54 +0200] "GET /functions/defined_post.php?post=1 HTTP/1.1" 200 1927
::1 - - [12/Apr/2022:09:13:48 +0200] "GET /functions/defined_post.php?post=1 HTTP/1.1" 200 1998
::1 - - [12/Apr/2022:09:14:52 +0200] "GET /functions/defined_post.php?post=1 HTTP/1.1" 200 1724
::1 - - [12/Apr/2022:09:16:26 +0200] "GET /functions/defined_post.php?post=1 HTTP/1.1" 200 1916
::1 - - [12/Apr/2022:09:16:45 +0200] "GET /functions/defined_post.php?post=1 HTTP/1.1" 200 1913
::1 - - [12/Apr/2022:09:17:47 +0200] "GET /functions/defined_post.php?post=1 HTTP/1.1" 200 1736
::1 - - [12/Apr/2022:09:17:54 +0200] "GET /functions/defined_post.php?post=1 HTTP/1.1" 200 1742
::1 - - [12/Apr/2022:09:18:20 +0200] "GET /functions/defined_post.php?post=1 HTTP/1.1" 200 1742
::1 - - [12/Apr/2022:09:19:06 +0200] "GET /functions/defined_post.php?post=1 HTTP/1.1" 200 1876
::1 - - [12/Apr/2022:09:19:31 +0200] "GET /functions/defined_post.php?post=1 HTTP/1.1" 200 1876
::1 - - [12/Apr/2022:09:20:15 +0200] "GET /functions/defined_post.php?post=1 HTTP/1.1" 200 1954
::1 - - [12/Apr/2022:09:21:24 +0200] "GET /functions/defined_post.php?post=1 HTTP/1.1" 200 1876
::1 - - [12/Apr/2022:09:21:49 +0200] "GET /functions/defined_post.php?post=1 HTTP/1.1" 200 2190
::1 - - [12/Apr/2022:09:22:06 +0200] "GET /functions/defined_post.php?post=1 HTTP/1.1" 200 2180
::1 - - [12/Apr/2022:09:22:17 +0200] "GET /functions/defined_post.php?post=1 HTTP/1.1" 200 1953
::1 - - [12/Apr/2022:09:24:50 +0200] "GET /functions/defined_post.php?post=1 HTTP/1.1" 200 1949
::1 - - [12/Apr/2022:09:25:12 +0200] "GET /functions/defined_post.php?post=1 HTTP/1.1" 200 1950
::1 - - [12/Apr/2022:09:26:36 +0200] "GET /functions/defined_post.php?post=1 HTTP/1.1" 200 1879
::1 - - [12/Apr/2022:09:27:15 +0200] "GET /functions/defined_post.php?post=1 HTTP/1.1" 200 174
::1 - - [12/Apr/2022:09:27:15 +0200] "GET /favicon.ico HTTP/1.1" 404 297
::1 - - [12/Apr/2022:09:27:20 +0200] "GET /functions/defined_post.php?post=1 HTTP/1.1" 200 1879
::1 - - [12/Apr/2022:09:27:55 +0200] "GET /functions/defined_post.php?post=1 HTTP/1.1" 200 1754
::1 - - [12/Apr/2022:09:28:16 +0200] "GET /functions/defined_post.php?post=1 HTTP/1.1" 200 1754
::1 - - [12/Apr/2022:09:28:32 +0200] "GET /functions/defined_post.php?post=1 HTTP/1.1" 200 1811
::1 - - [12/Apr/2022:09:28:39 +0200] "GET /functions/defined_post.php?post=1 HTTP/1.1" 200 2031
::1 - - [12/Apr/2022:09:30:17 +0200] "GET /functions/defined_post.php?post=1 HTTP/1.1" 200 1879
::1 - - [12/Apr/2022:09:30:21 +0200] "GET /functions/defined_post.php?post=1 HTTP/1.1" 200 1869
::1 - - [12/Apr/2022:09:30:55 +0200] "GET /functions/defined_post.php?post=1 HTTP/1.1" 200 1869
::1 - - [12/Apr/2022:11:29:47 +0200] "GET /functions/defined_post.php?post=1 HTTP/1.1" 200 1878
::1 - - [12/Apr/2022:11:29:51 +0200] "GET /functions/defined_post.php?post=1 HTTP/1.1" 200 1869
::1 - - [12/Apr/2022:11:30:09 +0200] "GET /functions/defined_post.php?post=1 HTTP/1.1" 200 1869
::1 - - [12/Apr/2022:11:35:09 +0200] "-" 408 -
::1 - - [12/Apr/2022:12:03:11 +0200] "GET /functions/defined_post.php?post=1 HTTP/1.1" 200 1869
::1 - - [12/Apr/2022:12:05:02 +0200] "GET /functions/defined_post.php?post=1 HTTP/1.1" 200 1929
::1 - - [12/Apr/2022:12:05:23 +0200] "GET /functions/defined_post.php?post=1 HTTP/1.1" 200 1919
::1 - - [12/Apr/2022:12:05:33 +0200] "GET /functions/defined_post.php?post=1 HTTP/1.1" 200 2323
::1 - - [12/Apr/2022:12:06:32 +0200] "GET /functions/defined_post.php?post=1 HTTP/1.1" 200 178
::1 - - [12/Apr/2022:12:06:40 +0200] "GET /functions/defined_post.php?post=1 HTTP/1.1" 200 2323
::1 - - [12/Apr/2022:12:08:10 +0200] "GET /functions/defined_post.php?post=1 HTTP/1.1" 200 2304
::1 - - [12/Apr/2022:12:08:18 +0200] "GET /functions/defined_post.php?post=1 HTTP/1.1" 200 1875
::1 - - [12/Apr/2022:12:09:03 +0200] "GET /functions/defined_post.php?post=1 HTTP/1.1" 200 2323
::1 - - [12/Apr/2022:12:09:04 +0200] "GET /functions/defined_post.php?post=1 HTTP/1.1" 200 2323
::1 - - [12/Apr/2022:12:09:21 +0200] "GET /functions/defined_post.php?post=1 HTTP/1.1" 200 4697
::1 - - [12/Apr/2022:12:09:33 +0200] "GET /functions/defined_post.php?post=1 HTTP/1.1" 200 2480
::1 - - [12/Apr/2022:12:10:53 +0200] "GET /functions/defined_post.php?post=1 HTTP/1.1" 200 1917
::1 - - [12/Apr/2022:12:11:54 +0200] "GET /functions/defined_post.php?post=1 HTTP/1.1" 200 1917
::1 - - [12/Apr/2022:12:11:54 +0200] "GET /functions/defined_post.php?post=1 HTTP/1.1" 200 1917
::1 - - [12/Apr/2022:12:12:59 +0200] "GET /functions/defined_post.php?post=1 HTTP/1.1" 200 1871
::1 - - [12/Apr/2022:12:14:19 +0200] "GET /forums.php HTTP/1.1" 200 3298
::1 - - [12/Apr/2022:12:14:22 +0200] "GET /posts.php HTTP/1.1" 200 9871
::1 - - [12/Apr/2022:12:14:41 +0200] "GET /functions/defined_post.php?post=1 HTTP/1.1" 200 1871
::1 - - [12/Apr/2022:12:14:42 +0200] "GET /posts.php HTTP/1.1" 200 9871
::1 - - [12/Apr/2022:12:16:04 +0200] "GET /posts.php HTTP/1.1" 200 9871
::1 - - [12/Apr/2022:12:17:00 +0200] "GET /posts.php HTTP/1.1" 200 12074
::1 - - [12/Apr/2022:12:17:03 +0200] "GET /functions/defined_post.php?post=2 HTTP/1.1" 200 1743
::1 - - [12/Apr/2022:12:17:06 +0200] "GET /posts.php HTTP/1.1" 200 12074
::1 - - [12/Apr/2022:13:08:41 +0200] "GET /functions/user_show.php?user_id=9 HTTP/1.1" 200 2290
::1 - - [12/Apr/2022:13:08:42 +0200] "GET /posts.php HTTP/1.1" 200 12074
::1 - - [12/Apr/2022:13:08:43 +0200] "GET /functions/user_show.php?user_id=11 HTTP/1.1" 200 2288
::1 - - [12/Apr/2022:13:08:45 +0200] "GET /posts.php HTTP/1.1" 200 12074
::1 - - [12/Apr/2022:13:09:11 +0200] "GET /reg/login.php HTTP/1.1" 200 2573
::1 - - [12/Apr/2022:13:09:14 +0200] "POST /reg/login.php HTTP/1.1" 302 2573
::1 - - [12/Apr/2022:13:09:14 +0200] "GET /index.php HTTP/1.1" 200 3298
::1 - - [12/Apr/2022:13:09:18 +0200] "GET /posts.php HTTP/1.1" 200 12222
::1 - - [12/Apr/2022:13:09:18 +0200] "GET /functions/create_post.php HTTP/1.1" 200 2671
::1 - - [12/Apr/2022:13:09:37 +0200] "POST /functions/create_post.php HTTP/1.1" 200 1908
::1 - - [12/Apr/2022:13:10:12 +0200] "GET /functions/create_post.php HTTP/1.1" 200 2671
::1 - - [12/Apr/2022:13:10:14 +0200] "POST /functions/create_post.php HTTP/1.1" 200 2709
::1 - - [12/Apr/2022:13:10:17 +0200] "GET /posts.php HTTP/1.1" 200 12981
::1 - - [12/Apr/2022:13:10:19 +0200] "GET /functions/user_show.php?user_id=11 HTTP/1.1" 200 2288
::1 - - [12/Apr/2022:13:10:20 +0200] "GET /posts.php HTTP/1.1" 200 12981
::1 - - [12/Apr/2022:13:10:22 +0200] "GET /detail.php HTTP/1.1" 200 3111
::1 - - [12/Apr/2022:13:10:25 +0200] "GET /detail.php HTTP/1.1" 200 3111
::1 - - [12/Apr/2022:13:10:27 +0200] "GET /posts.php HTTP/1.1" 200 12981
::1 - - [12/Apr/2022:13:10:31 +0200] "GET /functions/user_show.php?user_id=9 HTTP/1.1" 200 2290
::1 - - [12/Apr/2022:13:10:32 +0200] "GET /posts.php HTTP/1.1" 200 12981
::1 - - [12/Apr/2022:13:10:44 +0200] "GET /functions/defined_post.php?post=1 HTTP/1.1" 200 1871
::1 - - [12/Apr/2022:13:10:46 +0200] "GET /posts.php HTTP/1.1" 200 12981
::1 - - [12/Apr/2022:13:10:47 +0200] "GET /functions/defined_post.php?post=2 HTTP/1.1" 200 1743
::1 - - [12/Apr/2022:13:10:48 +0200] "GET /posts.php HTTP/1.1" 200 12981
::1 - - [12/Apr/2022:13:13:58 +0200] "GET /posts.php HTTP/1.1" 200 1878
::1 - - [12/Apr/2022:13:14:10 +0200] "GET /posts.php HTTP/1.1" 200 12986
127.0.0.1 - - [13/Apr/2022:11:16:49 +0200] "GET / HTTP/1.1" 200 6493
127.0.0.1 - - [13/Apr/2022:11:16:49 +0200] "GET /css/styles.css HTTP/1.1" 200 7113
127.0.0.1 - - [13/Apr/2022:11:16:49 +0200] "GET /java/main.js HTTP/1.1" 200 774
127.0.0.1 - - [13/Apr/2022:11:16:50 +0200] "GET /css/aquire.otf HTTP/1.1" 200 24072
127.0.0.1 - - [13/Apr/2022:11:16:50 +0200] "GET /imgs/a_icon.png HTTP/1.1" 200 416
::1 - - [13/Apr/2022:11:17:24 +0200] "GET /reg/login.php HTTP/1.1" 200 2573
::1 - - [13/Apr/2022:11:17:28 +0200] "POST /reg/login.php HTTP/1.1" 302 2573
::1 - - [13/Apr/2022:11:17:28 +0200] "GET /index.php HTTP/1.1" 200 6493
::1 - - [13/Apr/2022:11:17:29 +0200] "GET /detail.php HTTP/1.1" 200 3111
::1 - - [13/Apr/2022:11:17:30 +0200] "GET /functions/profile_edit.php HTTP/1.1" 200 3623
127.0.0.1 - - [20/Apr/2022:08:13:08 +0200] "GET / HTTP/1.1" 200 6493
127.0.0.1 - - [20/Apr/2022:08:13:08 +0200] "GET /css/styles.css HTTP/1.1" 200 7113
127.0.0.1 - - [20/Apr/2022:08:13:08 +0200] "GET /java/main.js HTTP/1.1" 200 774
127.0.0.1 - - [20/Apr/2022:08:13:09 +0200] "GET / HTTP/1.1" 200 6493
127.0.0.1 - - [20/Apr/2022:08:13:09 +0200] "GET /css/aquire.otf HTTP/1.1" 200 24072
127.0.0.1 - - [20/Apr/2022:08:13:09 +0200] "GET /imgs/a_icon.png HTTP/1.1" 200 416
127.0.0.1 - - [20/Apr/2022:08:13:12 +0200] "GET /functions/defined_post.php?post=27 HTTP/1.1" 200 1861
127.0.0.1 - - [20/Apr/2022:08:13:20 +0200] "GET /posts.php HTTP/1.1" 200 12838
127.0.0.1 - - [20/Apr/2022:08:13:22 +0200] "GET /functions/defined_post.php?post=2 HTTP/1.1" 200 1743
127.0.0.1 - - [20/Apr/2022:08:13:24 +0200] "GET /posts.php HTTP/1.1" 200 12838
127.0.0.1 - - [20/Apr/2022:08:13:25 +0200] "GET /functions/defined_post.php?post=26 HTTP/1.1" 200 1861
127.0.0.1 - - [20/Apr/2022:08:13:26 +0200] "GET /posts.php HTTP/1.1" 200 12838
::1 - - [20/Apr/2022:08:15:07 +0200] "GET /posts.php HTTP/1.1" 200 12838
::1 - - [20/Apr/2022:08:15:08 +0200] "GET /posts.php HTTP/1.1" 200 12262
::1 - - [20/Apr/2022:08:15:56 +0200] "GET /posts.php HTTP/1.1" 200 12245
::1 - - [20/Apr/2022:08:16:03 +0200] "GET /posts.php HTTP/1.1" 200 12227
::1 - - [20/Apr/2022:08:16:08 +0200] "GET /posts.php HTTP/1.1" 200 12230
::1 - - [20/Apr/2022:08:16:09 +0200] "GET /posts.php HTTP/1.1" 200 12230
::1 - - [20/Apr/2022:08:16:14 +0200] "GET /posts.php HTTP/1.1" 200 12245
::1 - - [20/Apr/2022:08:17:17 +0200] "GET /reg/login.php HTTP/1.1" 200 2573
::1 - - [20/Apr/2022:08:17:20 +0200] "POST /reg/login.php HTTP/1.1" 302 2573
::1 - - [20/Apr/2022:08:17:20 +0200] "GET /index.php HTTP/1.1" 200 6493
::1 - - [20/Apr/2022:08:17:23 +0200] "GET /posts.php HTTP/1.1" 200 216
::1 - - [20/Apr/2022:08:17:23 +0200] "GET /favicon.ico HTTP/1.1" 404 297
::1 - - [20/Apr/2022:08:17:42 +0200] "GET /posts.php HTTP/1.1" 200 12393
::1 - - [20/Apr/2022:08:17:44 +0200] "GET /detail.php HTTP/1.1" 200 3111
::1 - - [20/Apr/2022:08:17:49 +0200] "GET /posts.php HTTP/1.1" 200 12393
::1 - - [20/Apr/2022:08:18:49 +0200] "GET /posts.php HTTP/1.1" 200 12406
::1 - - [20/Apr/2022:08:18:52 +0200] "GET /detail.php HTTP/1.1" 200 3111
::1 - - [20/Apr/2022:08:18:53 +0200] "GET /posts.php HTTP/1.1" 200 12406
::1 - - [20/Apr/2022:08:18:59 +0200] "GET /forums.php HTTP/1.1" 200 6493
::1 - - [20/Apr/2022:08:19:12 +0200] "GET /posts.php HTTP/1.1" 200 12406
::1 - - [20/Apr/2022:08:19:14 +0200] "GET /forums.php HTTP/1.1" 200 6493
::1 - - [20/Apr/2022:08:19:31 +0200] "GET /posts.php HTTP/1.1" 200 12406
::1 - - [20/Apr/2022:08:19:32 +0200] "GET /detail.php HTTP/1.1" 200 3111
::1 - - [20/Apr/2022:08:20:34 +0200] "GET /detail.php HTTP/1.1" 200 3139
::1 - - [20/Apr/2022:08:20:40 +0200] "GET /detail.php HTTP/1.1" 200 3127
::1 - - [20/Apr/2022:08:20:52 +0200] "GET /detail.php HTTP/1.1" 200 3042
::1 - - [20/Apr/2022:08:20:58 +0200] "GET /detail.php HTTP/1.1" 200 3068
::1 - - [20/Apr/2022:08:21:05 +0200] "GET /detail.php HTTP/1.1" 200 3072
::1 - - [20/Apr/2022:08:24:05 +0200] "GET /detail.php HTTP/1.1" 200 3081
::1 - - [20/Apr/2022:08:24:09 +0200] "GET /forums.php HTTP/1.1" 200 6493
::1 - - [20/Apr/2022:08:24:17 +0200] "GET /posts.php HTTP/1.1" 200 12406
::1 - - [20/Apr/2022:08:24:20 +0200] "GET /detail.php HTTP/1.1" 200 3081
::1 - - [20/Apr/2022:08:24:21 +0200] "GET /posts.php HTTP/1.1" 200 12406
::1 - - [20/Apr/2022:08:24:34 +0200] "GET /forums.php HTTP/1.1" 200 6493
::1 - - [20/Apr/2022:08:24:49 +0200] "GET /posts.php HTTP/1.1" 200 12406
::1 - - [20/Apr/2022:08:24:50 +0200] "GET /functions/create_post.php HTTP/1.1" 200 2671
::1 - - [20/Apr/2022:08:24:55 +0200] "GET /forums.php HTTP/1.1" 200 6493
::1 - - [20/Apr/2022:08:25:36 +0200] "GET /posts.php HTTP/1.1" 200 12406
::1 - - [20/Apr/2022:08:25:38 +0200] "GET /detail.php HTTP/1.1" 200 3081
::1 - - [20/Apr/2022:08:25:40 +0200] "GET /posts.php HTTP/1.1" 200 12406
::1 - - [20/Apr/2022:08:26:02 +0200] "GET /posts.php HTTP/1.1" 200 12406
::1 - - [20/Apr/2022:08:26:04 +0200] "GET /forums.php HTTP/1.1" 200 6493
::1 - - [20/Apr/2022:08:26:05 +0200] "GET /detail.php HTTP/1.1" 200 3081
::1 - - [20/Apr/2022:08:26:06 +0200] "GET /posts.php HTTP/1.1" 200 12406
::1 - - [20/Apr/2022:08:29:53 +0200] "GET /functions/defined_post.php?post=1 HTTP/1.1" 200 1871
::1 - - [20/Apr/2022:08:29:55 +0200] "GET /posts.php HTTP/1.1" 200 12494
::1 - - [20/Apr/2022:08:29:56 +0200] "GET /functions/defined_post.php?post=25 HTTP/1.1" 200 1861
::1 - - [20/Apr/2022:08:29:57 +0200] "GET /posts.php HTTP/1.1" 200 12494
::1 - - [20/Apr/2022:08:31:11 +0200] "GET /posts.php HTTP/1.1" 200 12494
::1 - - [20/Apr/2022:08:31:13 +0200] "GET /functions/defined_post.php?post=25 HTTP/1.1" 200 1861
::1 - - [20/Apr/2022:08:32:11 +0200] "GET /functions/defined_post.php?post=25 HTTP/1.1" 200 1758
::1 - - [20/Apr/2022:08:32:19 +0200] "GET /functions/defined_post.php?post=25 HTTP/1.1" 200 1861
::1 - - [20/Apr/2022:08:33:08 +0200] "GET /functions/defined_post.php?post=25 HTTP/1.1" 200 1859
::1 - - [20/Apr/2022:08:33:09 +0200] "GET /functions/defined_post.php?post=25 HTTP/1.1" 200 1859
::1 - - [20/Apr/2022:08:33:09 +0200] "GET /functions/defined_post.php?post=25 HTTP/1.1" 200 1859
::1 - - [20/Apr/2022:08:33:19 +0200] "GET /functions/defined_post.php?post=25 HTTP/1.1" 200 1611
::1 - - [20/Apr/2022:08:33:52 +0200] "GET /functions/defined_post.php?post=25 HTTP/1.1" 200 1859
::1 - - [20/Apr/2022:08:33:54 +0200] "GET /posts.php HTTP/1.1" 200 12494
::1 - - [20/Apr/2022:08:34:28 +0200] "GET /posts.php HTTP/1.1" 200 12528
::1 - - [20/Apr/2022:08:36:36 +0200] "GET /posts.php HTTP/1.1" 200 12803
::1 - - [20/Apr/2022:08:36:53 +0200] "GET /posts.php HTTP/1.1" 200 12803
::1 - - [20/Apr/2022:08:36:54 +0200] "GET /forums.php HTTP/1.1" 200 6493
::1 - - [20/Apr/2022:08:36:57 +0200] "GET /functions/defined_post.php?post=27 HTTP/1.1" 200 1859
::1 - - [20/Apr/2022:08:37:02 +0200] "GET /forums.php HTTP/1.1" 200 6493
::1 - - [20/Apr/2022:08:37:04 +0200] "GET /posts.php HTTP/1.1" 200 12803
::1 - - [20/Apr/2022:08:37:05 +0200] "GET /functions/defined_post.php?post=1 HTTP/1.1" 200 1929
::1 - - [20/Apr/2022:08:37:34 +0200] "GET /posts.php HTTP/1.1" 200 12803
::1 - - [20/Apr/2022:08:38:07 +0200] "GET /posts.php HTTP/1.1" 200 12803
::1 - - [20/Apr/2022:08:38:08 +0200] "GET /functions/defined_post.php?post=1 HTTP/1.1" 200 1929
::1 - - [20/Apr/2022:08:38:17 +0200] "GET /posts.php HTTP/1.1" 200 12803
::1 - - [20/Apr/2022:08:38:24 +0200] "GET /functions/user_show.php?user_id=9 HTTP/1.1" 200 2290
::1 - - [20/Apr/2022:08:38:26 +0200] "GET /posts.php HTTP/1.1" 200 12803
::1 - - [20/Apr/2022:08:38:52 +0200] "GET /posts.php HTTP/1.1" 200 12822
::1 - - [20/Apr/2022:08:39:06 +0200] "GET /posts.php HTTP/1.1" 200 12822
::1 - - [20/Apr/2022:08:40:50 +0200] "GET /posts.php HTTP/1.1" 200 12529
::1 - - [20/Apr/2022:08:41:01 +0200] "POST /posts.php HTTP/1.1" 200 12529
::1 - - [20/Apr/2022:09:02:07 +0200] "GET /posts.php HTTP/1.1" 200 2256
::1 - - [20/Apr/2022:09:02:45 +0200] "GET /posts.php HTTP/1.1" 200 12529
::1 - - [20/Apr/2022:09:02:51 +0200] "POST /posts.php HTTP/1.1" 200 1983
::1 - - [20/Apr/2022:09:05:17 +0200] "GET /posts.php HTTP/1.1" 200 12529
::1 - - [20/Apr/2022:09:05:21 +0200] "POST /posts.php HTTP/1.1" 200 12529
::1 - - [20/Apr/2022:09:05:24 +0200] "POST /posts.php HTTP/1.1" 200 12529
::1 - - [20/Apr/2022:09:05:27 +0200] "POST /posts.php HTTP/1.1" 200 12529
::1 - - [20/Apr/2022:09:10:29 +0200] "GET /posts.php HTTP/1.1" 200 12529
::1 - - [20/Apr/2022:09:10:33 +0200] "POST /posts.php HTTP/1.1" 200 12529
::1 - - [20/Apr/2022:09:14:24 +0200] "GET /posts.php HTTP/1.1" 200 12529
::1 - - [20/Apr/2022:09:14:27 +0200] "POST /posts.php HTTP/1.1" 200 12529
::1 - - [20/Apr/2022:09:14:30 +0200] "GET /posts.php HTTP/1.1" 200 12529
::1 - - [20/Apr/2022:09:14:34 +0200] "GET / HTTP/1.1" 200 6493
::1 - - [20/Apr/2022:09:14:34 +0200] "GET / HTTP/1.1" 200 6493
::1 - - [20/Apr/2022:09:14:38 +0200] "GET / HTTP/1.1" 200 6493
::1 - - [20/Apr/2022:09:14:42 +0200] "GET /posts.php HTTP/1.1" 200 12529
::1 - - [20/Apr/2022:09:16:22 +0200] "GET /detail.php HTTP/1.1" 200 3081
::1 - - [20/Apr/2022:09:16:25 +0200] "GET /posts.php HTTP/1.1" 200 12538
::1 - - [20/Apr/2022:09:16:27 +0200] "GET /detail.php HTTP/1.1" 200 3081
::1 - - [20/Apr/2022:09:16:28 +0200] "GET /posts.php HTTP/1.1" 200 12538
::1 - - [20/Apr/2022:09:16:30 +0200] "GET /detail.php HTTP/1.1" 200 3081
::1 - - [20/Apr/2022:09:16:32 +0200] "GET /posts.php HTTP/1.1" 200 12538
::1 - - [20/Apr/2022:09:16:33 +0200] "GET /forums.php HTTP/1.1" 200 6493
::1 - - [20/Apr/2022:09:16:36 +0200] "GET /detail.php HTTP/1.1" 200 3081
::1 - - [20/Apr/2022:09:16:38 +0200] "GET /posts.php HTTP/1.1" 200 12538
::1 - - [20/Apr/2022:09:16:40 +0200] "GET /functions/user_show.php?user_id=9 HTTP/1.1" 200 2290
::1 - - [20/Apr/2022:09:16:46 +0200] "GET /posts.php HTTP/1.1" 200 12538
::1 - - [20/Apr/2022:09:18:19 +0200] "GET /posts.php HTTP/1.1" 200 12592
::1 - - [20/Apr/2022:09:18:20 +0200] "GET /functions/user_show.php?user_id=9 HTTP/1.1" 200 2290
::1 - - [20/Apr/2022:09:18:22 +0200] "GET /posts.php HTTP/1.1" 200 12592
::1 - - [20/Apr/2022:09:18:24 +0200] "GET /reg/logout.php HTTP/1.1" 302 -
::1 - - [20/Apr/2022:09:18:24 +0200] "GET /index.php HTTP/1.1" 200 6493
::1 - - [20/Apr/2022:09:18:27 +0200] "GET /reg/login.php HTTP/1.1" 200 2573
::1 - - [20/Apr/2022:09:18:40 +0200] "POST /reg/login.php HTTP/1.1" 302 2573
::1 - - [20/Apr/2022:09:18:40 +0200] "GET /index.php HTTP/1.1" 200 6493
::1 - - [20/Apr/2022:09:18:45 +0200] "GET /posts.php HTTP/1.1" 200 12593
::1 - - [20/Apr/2022:09:18:46 +0200] "GET /functions/user_show.php?user_id=10 HTTP/1.1" 200 2452
::1 - - [20/Apr/2022:09:19:30 +0200] "GET /posts.php HTTP/1.1" 200 12570
::1 - - [20/Apr/2022:09:19:32 +0200] "GET /detail.php HTTP/1.1" 200 3527
::1 - - [20/Apr/2022:09:19:38 +0200] "GET /posts.php HTTP/1.1" 200 12570
::1 - - [20/Apr/2022:09:19:39 +0200] "GET /detail.php HTTP/1.1" 200 3527
::1 - - [20/Apr/2022:09:19:56 +0200] "GET /posts.php HTTP/1.1" 200 12570
::1 - - [20/Apr/2022:09:19:58 +0200] "GET /posts.php HTTP/1.1" 200 12570
::1 - - [20/Apr/2022:09:20:00 +0200] "GET /reg/logout.php HTTP/1.1" 302 -
::1 - - [20/Apr/2022:09:20:00 +0200] "GET /index.php HTTP/1.1" 200 6493
::1 - - [20/Apr/2022:09:20:02 +0200] "GET /reg/login.php HTTP/1.1" 200 2573
::1 - - [20/Apr/2022:09:20:06 +0200] "POST /reg/login.php HTTP/1.1" 302 2573
::1 - - [20/Apr/2022:09:20:06 +0200] "GET /index.php HTTP/1.1" 200 6493
::1 - - [20/Apr/2022:09:20:09 +0200] "GET /detail.php HTTP/1.1" 200 3081
::1 - - [20/Apr/2022:09:20:13 +0200] "GET /index.php HTTP/1.1" 200 6493
::1 - - [20/Apr/2022:09:20:16 +0200] "GET /reg/logout.php HTTP/1.1" 302 -
::1 - - [20/Apr/2022:09:20:16 +0200] "GET /index.php HTTP/1.1" 200 6493
::1 - - [20/Apr/2022:09:20:20 +0200] "GET /reg/login.php HTTP/1.1" 200 2573
::1 - - [20/Apr/2022:09:20:24 +0200] "POST /reg/login.php HTTP/1.1" 200 1513
::1 - - [20/Apr/2022:09:20:26 +0200] "GET /reg/login.php HTTP/1.1" 200 2573
::1 - - [20/Apr/2022:09:20:29 +0200] "POST /reg/login.php HTTP/1.1" 302 2573
::1 - - [20/Apr/2022:09:20:29 +0200] "GET /index.php HTTP/1.1" 200 6493
::1 - - [20/Apr/2022:09:20:32 +0200] "GET /detail.php HTTP/1.1" 200 3527
::1 - - [20/Apr/2022:09:20:33 +0200] "GET /posts.php HTTP/1.1" 200 12570
::1 - - [20/Apr/2022:09:20:36 +0200] "GET /detail.php HTTP/1.1" 200 3527
::1 - - [20/Apr/2022:09:20:37 +0200] "GET /detail.php HTTP/1.1" 200 3527
::1 - - [20/Apr/2022:09:21:28 +0200] "GET /detail.php HTTP/1.1" 200 3602
::1 - - [20/Apr/2022:09:21:33 +0200] "GET /detail.php HTTP/1.1" 200 3527
::1 - - [20/Apr/2022:09:21:37 +0200] "GET /functions/profile_edit.php HTTP/1.1" 200 3629
::1 - - [20/Apr/2022:09:21:44 +0200] "GET /detail.php HTTP/1.1" 200 3527
::1 - - [20/Apr/2022:09:23:12 +0200] "GET /functions/profile_edit.php HTTP/1.1" 200 3481
::1 - - [20/Apr/2022:09:23:18 +0200] "POST /functions/profile_edit.php HTTP/1.1" 200 1913
::1 - - [20/Apr/2022:09:23:52 +0200] "GET /functions/profile_edit.php HTTP/1.1" 200 3243
::1 - - [20/Apr/2022:09:23:57 +0200] "POST /functions/profile_edit.php HTTP/1.1" 302 3264
::1 - - [20/Apr/2022:09:23:57 +0200] "GET /detail.php HTTP/1.1" 200 3527
::1 - - [20/Apr/2022:09:24:38 +0200] "GET /reg/logout.php HTTP/1.1" 302 -
::1 - - [20/Apr/2022:09:24:38 +0200] "GET /index.php HTTP/1.1" 200 6493
::1 - - [20/Apr/2022:09:24:39 +0200] "GET /reg/login.php HTTP/1.1" 200 2573
::1 - - [20/Apr/2022:09:24:43 +0200] "POST /reg/login.php HTTP/1.1" 302 2573
::1 - - [20/Apr/2022:09:24:43 +0200] "GET /index.php HTTP/1.1" 200 6493
::1 - - [20/Apr/2022:09:24:45 +0200] "GET /detail.php HTTP/1.1" 200 3080
::1 - - [20/Apr/2022:09:24:48 +0200] "GET /reg/logout.php HTTP/1.1" 302 -
::1 - - [20/Apr/2022:09:24:48 +0200] "GET /index.php HTTP/1.1" 200 6493
::1 - - [20/Apr/2022:09:24:50 +0200] "GET /reg/login.php HTTP/1.1" 200 2573
::1 - - [20/Apr/2022:09:24:54 +0200] "POST /reg/login.php HTTP/1.1" 302 2573
::1 - - [20/Apr/2022:09:24:54 +0200] "GET /index.php HTTP/1.1" 200 6493
::1 - - [20/Apr/2022:09:24:55 +0200] "GET /detail.php HTTP/1.1" 200 3527
::1 - - [20/Apr/2022:09:25:25 +0200] "GET /functions/profile_edit.php HTTP/1.1" 200 3265
::1 - - [20/Apr/2022:09:25:30 +0200] "POST /functions/profile_edit.php HTTP/1.1" 302 3286
::1 - - [20/Apr/2022:09:25:30 +0200] "GET /detail.php HTTP/1.1" 200 3527
::1 - - [20/Apr/2022:09:26:54 +0200] "GET /detail.php HTTP/1.1" 200 3110
::1 - - [20/Apr/2022:09:27:58 +0200] "GET /detail.php HTTP/1.1" 200 3110
::1 - - [20/Apr/2022:09:28:04 +0200] "GET /detail.php HTTP/1.1" 200 3110
::1 - - [20/Apr/2022:09:28:21 +0200] "GET /posts.php HTTP/1.1" 200 12570
::1 - - [20/Apr/2022:09:28:22 +0200] "GET /detail.php HTTP/1.1" 200 3110
::1 - - [20/Apr/2022:09:28:23 +0200] "GET /posts.php HTTP/1.1" 200 12570
::1 - - [20/Apr/2022:09:28:26 +0200] "GET /functions/user_show.php?user_id=9 HTTP/1.1" 200 2290
::1 - - [20/Apr/2022:09:28:28 +0200] "GET /posts.php HTTP/1.1" 200 12570
::1 - - [20/Apr/2022:09:28:38 +0200] "GET /posts.php HTTP/1.1" 200 12574
::1 - - [20/Apr/2022:09:28:39 +0200] "GET /functions/user_show.php?user_id=10 HTTP/1.1" 200 2290
::1 - - [20/Apr/2022:09:28:43 +0200] "GET /posts.php HTTP/1.1" 200 12574
::1 - - [20/Apr/2022:09:28:46 +0200] "GET /functions/create_post.php HTTP/1.1" 200 2671
::1 - - [20/Apr/2022:09:28:56 +0200] "POST /functions/create_post.php HTTP/1.1" 200 2709
::1 - - [20/Apr/2022:09:28:59 +0200] "GET /detail.php HTTP/1.1" 200 3110
::1 - - [20/Apr/2022:09:29:01 +0200] "GET /posts.php HTTP/1.1" 200 13319
::1 - - [20/Apr/2022:09:29:02 +0200] "GET /functions/user_show.php?user_id=10 HTTP/1.1" 200 2290
::1 - - [20/Apr/2022:09:29:03 +0200] "GET /posts.php HTTP/1.1" 200 13319
::1 - - [20/Apr/2022:09:29:04 +0200] "GET /functions/defined_post.php?post=28 HTTP/1.1" 200 1859
::1 - - [20/Apr/2022:09:29:49 +0200] "GET /functions/defined_post.php?post=28 HTTP/1.1" 200 1704
::1 - - [20/Apr/2022:09:30:13 +0200] "GET /functions/defined_post.php?post=28 HTTP/1.1" 200 1783
::1 - - [20/Apr/2022:09:56:57 +0200] "GET /detail.php HTTP/1.1" 200 3110
::1 - - [20/Apr/2022:09:57:23 +0200] "GET /detail.php HTTP/1.1" 200 3110
::1 - - [20/Apr/2022:09:57:25 +0200] "GET /posts.php HTTP/1.1" 200 13319
::1 - - [20/Apr/2022:09:57:27 +0200] "GET /forums.php HTTP/1.1" 200 6493
::1 - - [20/Apr/2022:09:57:29 +0200] "GET /posts.php HTTP/1.1" 200 13319
::1 - - [20/Apr/2022:09:57:31 +0200] "GET /detail.php HTTP/1.1" 200 3110
::1 - - [20/Apr/2022:09:57:33 +0200] "GET /detail.php HTTP/1.1" 200 3110
::1 - - [20/Apr/2022:09:57:35 +0200] "GET /posts.php HTTP/1.1" 200 13319
::1 - - [20/Apr/2022:09:57:36 +0200] "GET /functions/defined_post.php?post=1 HTTP/1.1" 200 1973
::1 - - [20/Apr/2022:09:57:49 +0200] "GET /detail.php HTTP/1.1" 200 3110
::1 - - [20/Apr/2022:09:57:52 +0200] "GET /posts.php HTTP/1.1" 200 13319
::1 - - [20/Apr/2022:09:57:54 +0200] "GET /functions/defined_post.php?post=1 HTTP/1.1" 200 1973
::1 - - [20/Apr/2022:09:58:14 +0200] "GET /functions/defined_post.php?post=1 HTTP/1.1" 200 2008
::1 - - [20/Apr/2022:09:58:31 +0200] "GET /functions/defined_post.php?post=1 HTTP/1.1" 200 2006
::1 - - [20/Apr/2022:09:58:36 +0200] "GET /detail.php HTTP/1.1" 200 3110
::1 - - [20/Apr/2022:09:58:38 +0200] "GET /posts.php HTTP/1.1" 200 13319
::1 - - [20/Apr/2022:09:58:39 +0200] "GET /forums.php HTTP/1.1" 200 6493
::1 - - [20/Apr/2022:09:58:42 +0200] "GET /detail.php HTTP/1.1" 200 3110
::1 - - [20/Apr/2022:09:58:44 +0200] "GET /posts.php HTTP/1.1" 200 13319
::1 - - [20/Apr/2022:09:59:35 +0200] "GET /functions/defined_post.php?post=1 HTTP/1.1" 200 2193
::1 - - [20/Apr/2022:10:00:30 +0200] "GET /functions/defined_post.php?post=1 HTTP/1.1" 200 2239
::1 - - [20/Apr/2022:10:00:35 +0200] "GET /functions/defined_post.php?post=1 HTTP/1.1" 200 2239
::1 - - [20/Apr/2022:10:00:46 +0200] "GET /functions/defined_post.php?post=1 HTTP/1.1" 200 2265
::1 - - [20/Apr/2022:10:00:54 +0200] "GET /functions/defined_post.php?post=1 HTTP/1.1" 200 2260
::1 - - [20/Apr/2022:10:01:06 +0200] "GET /functions/defined_post.php?post=1 HTTP/1.1" 200 2274
::1 - - [20/Apr/2022:10:01:16 +0200] "GET /functions/defined_post.php?post=1 HTTP/1.1" 200 2272
::1 - - [20/Apr/2022:10:01:16 +0200] "GET /functions/defined_post.php?post=1 HTTP/1.1" 200 2272
::1 - - [20/Apr/2022:10:01:22 +0200] "GET /detail.php HTTP/1.1" 200 3110
::1 - - [20/Apr/2022:10:02:01 +0200] "GET /detail.php HTTP/1.1" 200 3110
::1 - - [20/Apr/2022:10:02:46 +0200] "GET /detail.php HTTP/1.1" 200 3110
::1 - - [20/Apr/2022:10:02:51 +0200] "GET /posts.php HTTP/1.1" 200 13319
::1 - - [20/Apr/2022:10:02:52 +0200] "GET /functions/defined_post.php?post=1 HTTP/1.1" 200 2314
::1 - - [20/Apr/2022:10:04:19 +0200] "GET /functions/defined_post.php?post=1 HTTP/1.1" 200 2333
::1 - - [20/Apr/2022:10:04:21 +0200] "GET /functions/create_comment.php HTTP/1.1" 200 1611
::1 - - [20/Apr/2022:10:04:28 +0200] "GET /functions/defined_post.php?post=1 HTTP/1.1" 200 2333
::1 - - [20/Apr/2022:10:04:32 +0200] "GET /functions/defined_post.php?post=1 HTTP/1.1" 200 2333
::1 - - [20/Apr/2022:10:05:00 +0200] "GET /functions/create_comment.php HTTP/1.1" 200 1611
::1 - - [20/Apr/2022:10:05:01 +0200] "GET /functions/defined_post.php?post=1 HTTP/1.1" 200 2336
::1 - - [20/Apr/2022:10:05:11 +0200] "GET /functions/defined_post.php?post=1 HTTP/1.1" 200 2336
::1 - - [20/Apr/2022:10:05:12 +0200] "GET /functions/defined_post.php?post=1 HTTP/1.1" 200 2336
::1 - - [20/Apr/2022:10:05:12 +0200] "GET /functions/defined_post.php?post=1 HTTP/1.1" 200 2336
::1 - - [20/Apr/2022:10:05:13 +0200] "GET /functions/create_comment.php?=1 HTTP/1.1" 200 1611
::1 - - [20/Apr/2022:10:05:20 +0200] "GET /functions/create_comment.php?=1 HTTP/1.1" 200 1611
::1 - - [20/Apr/2022:10:05:21 +0200] "GET /functions/create_comment.php?=1 HTTP/1.1" 200 1611
::1 - - [20/Apr/2022:10:05:21 +0200] "GET /functions/defined_post.php?post=1 HTTP/1.1" 200 2340
::1 - - [20/Apr/2022:10:05:22 +0200] "GET /functions/defined_post.php?post=1 HTTP/1.1" 200 2340
::1 - - [20/Apr/2022:10:05:23 +0200] "GET /functions/create_comment.php?=post1 HTTP/1.1" 200 1611
::1 - - [20/Apr/2022:10:05:25 +0200] "GET /functions/defined_post.php?post=1 HTTP/1.1" 200 2340
::1 - - [20/Apr/2022:10:05:33 +0200] "GET /functions/create_comment.php?=post1 HTTP/1.1" 200 1611
::1 - - [20/Apr/2022:10:05:35 +0200] "GET /functions/defined_post.php?post=1 HTTP/1.1" 200 2340
::1 - - [20/Apr/2022:10:05:35 +0200] "GET /functions/defined_post.php?post=1 HTTP/1.1" 200 2340
::1 - - [20/Apr/2022:10:05:35 +0200] "GET /functions/defined_post.php?post=1 HTTP/1.1" 200 2340
::1 - - [20/Apr/2022:10:05:36 +0200] "GET /functions/create_comment.php?post=1 HTTP/1.1" 200 1611
::1 - - [20/Apr/2022:10:05:39 +0200] "GET /functions/defined_post.php?post=1 HTTP/1.1" 200 2340
::1 - - [20/Apr/2022:10:05:44 +0200] "GET /posts.php HTTP/1.1" 200 13319
::1 - - [20/Apr/2022:10:05:45 +0200] "GET /functions/defined_post.php?post=2 HTTP/1.1" 200 2108
::1 - - [20/Apr/2022:10:05:46 +0200] "GET /functions/create_comment.php?post=2 HTTP/1.1" 200 1611
::1 - - [20/Apr/2022:10:05:47 +0200] "GET /functions/defined_post.php?post=2 HTTP/1.1" 200 2108
::1 - - [20/Apr/2022:10:05:48 +0200] "GET /posts.php HTTP/1.1" 200 13319
::1 - - [20/Apr/2022:10:07:01 +0200] "GET /functions/create_post.php HTTP/1.1" 200 2671
::1 - - [20/Apr/2022:10:07:29 +0200] "GET /detail.php HTTP/1.1" 200 3110
::1 - - [20/Apr/2022:10:07:31 +0200] "GET /posts.php HTTP/1.1" 200 13319
::1 - - [20/Apr/2022:10:07:33 +0200] "GET /detail.php HTTP/1.1" 200 3110
::1 - - [20/Apr/2022:10:07:35 +0200] "GET /posts.php HTTP/1.1" 200 13319
::1 - - [20/Apr/2022:10:07:36 +0200] "GET /functions/defined_post.php?post=1 HTTP/1.1" 200 2340
::1 - - [20/Apr/2022:10:07:38 +0200] "GET /functions/create_comment.php?post=1 HTTP/1.1" 200 2751
::1 - - [20/Apr/2022:10:08:50 +0200] "GET /functions/create_comment.php?post=1 HTTP/1.1" 200 2482
::1 - - [20/Apr/2022:10:09:31 +0200] "GET /functions/create_comment.php?post=1 HTTP/1.1" 200 2583
::1 - - [20/Apr/2022:10:09:41 +0200] "GET /functions/create_comment.php?post=1 HTTP/1.1" 200 2583
::1 - - [20/Apr/2022:10:09:53 +0200] "GET /functions/create_comment.php?post=1 HTTP/1.1" 200 2582
::1 - - [20/Apr/2022:10:10:17 +0200] "GET /functions/create_comment.php?post=1 HTTP/1.1" 200 2595
::1 - - [20/Apr/2022:10:10:46 +0200] "GET /functions/create_comment.php?post=1 HTTP/1.1" 200 2616
::1 - - [20/Apr/2022:10:10:58 +0200] "GET /functions/create_comment.php?post=1 HTTP/1.1" 200 2582
::1 - - [20/Apr/2022:10:12:01 +0200] "GET /functions/create_comment.php?post=1 HTTP/1.1" 200 2596
::1 - - [20/Apr/2022:10:12:04 +0200] "GET /functions/create_comment.php?post=1 HTTP/1.1" 200 2596
::1 - - [20/Apr/2022:10:17:01 +0200] "-" 408 -
::1 - - [20/Apr/2022:10:17:13 +0200] "GET /functions/create_comment.php?post=1 HTTP/1.1" 200 149
::1 - - [20/Apr/2022:10:17:23 +0200] "GET /functions/create_comment.php?post=1 HTTP/1.1" 200 2602
::1 - - [20/Apr/2022:10:18:39 +0200] "GET /functions/defined_post.php?post=1 HTTP/1.1" 200 2340
::1 - - [20/Apr/2022:10:19:06 +0200] "GET /functions/create_comment.php?post=1 HTTP/1.1" 200 2602
::1 - - [20/Apr/2022:10:19:24 +0200] "POST /functions/create_comment.php HTTP/1.1" 200 2071
::1 - - [20/Apr/2022:10:19:36 +0200] "GET /functions/create_comment.php?post=1 HTTP/1.1" 200 2602
::1 - - [20/Apr/2022:10:19:56 +0200] "GET /functions/create_comment.php?post=1 HTTP/1.1" 200 2602
::1 - - [20/Apr/2022:10:19:56 +0200] "GET /functions/defined_post.php?post=1 HTTP/1.1" 200 2485
::1 - - [20/Apr/2022:10:19:57 +0200] "GET /functions/defined_post.php?post=1 HTTP/1.1" 200 2485
::1 - - [20/Apr/2022:10:20:01 +0200] "GET /posts.php HTTP/1.1" 200 13319
::1 - - [20/Apr/2022:10:20:02 +0200] "GET /functions/defined_post.php?post=1 HTTP/1.1" 200 2485
::1 - - [20/Apr/2022:10:20:47 +0200] "GET /posts.php HTTP/1.1" 200 13319
::1 - - [20/Apr/2022:10:20:48 +0200] "GET /functions/user_show.php?user_id=9 HTTP/1.1" 200 2290
::1 - - [20/Apr/2022:10:21:27 +0200] "GET /posts.php HTTP/1.1" 200 13319
::1 - - [20/Apr/2022:10:21:28 +0200] "GET /functions/defined_post.php?post=1 HTTP/1.1" 200 2488
::1 - - [20/Apr/2022:10:21:47 +0200] "GET /functions/defined_post.php?post=1 HTTP/1.1" 200 2340
::1 - - [20/Apr/2022:10:22:23 +0200] "GET /functions/defined_post.php?post=1 HTTP/1.1" 200 2488
::1 - - [20/Apr/2022:10:22:25 +0200] "GET /posts.php HTTP/1.1" 200 13325
::1 - - [20/Apr/2022:10:22:26 +0200] "GET /functions/defined_post.php?posts=1 HTTP/1.1" 200 2468
::1 - - [20/Apr/2022:10:22:29 +0200] "GET /posts.php HTTP/1.1" 200 13325
::1 - - [20/Apr/2022:10:22:37 +0200] "GET /functions/user_show.php?user_id=9 HTTP/1.1" 200 2290
::1 - - [20/Apr/2022:10:22:39 +0200] "GET /detail.php HTTP/1.1" 200 3110
::1 - - [20/Apr/2022:10:22:41 +0200] "GET /posts.php HTTP/1.1" 200 13319
::1 - - [20/Apr/2022:10:22:42 +0200] "GET /functions/user_show.php?user_id=9 HTTP/1.1" 200 2290
::1 - - [20/Apr/2022:10:22:45 +0200] "GET /posts.php HTTP/1.1" 200 13319
::1 - - [20/Apr/2022:10:22:48 +0200] "GET /functions/defined_post.php?post=1 HTTP/1.1" 200 2340
::1 - - [20/Apr/2022:10:22:50 +0200] "GET /functions/create_comment.php?post=1 HTTP/1.1" 200 2602
::1 - - [20/Apr/2022:10:22:56 +0200] "POST /functions/create_comment.php HTTP/1.1" 200 2072
::1 - - [20/Apr/2022:10:23:19 +0200] "GET /functions/create_comment.php?post=1 HTTP/1.1" 200 2602
::1 - - [20/Apr/2022:10:23:20 +0200] "POST /functions/create_comment.php HTTP/1.1" 200 2071
::1 - - [20/Apr/2022:10:23:41 +0200] "GET /functions/create_comment.php?post=1 HTTP/1.1" 200 2602
::1 - - [20/Apr/2022:10:23:42 +0200] "POST /functions/create_comment.php HTTP/1.1" 200 2071
::1 - - [20/Apr/2022:10:24:27 +0200] "GET /functions/create_comment.php?post=1 HTTP/1.1" 200 2616
::1 - - [20/Apr/2022:10:24:30 +0200] "POST /functions/create_comment.php HTTP/1.1" 200 2378
::1 - - [20/Apr/2022:10:24:35 +0200] "GET /functions/create_comment.php?post=1 HTTP/1.1" 200 2616
::1 - - [20/Apr/2022:10:24:54 +0200] "GET /functions/create_comment.php?post=1 HTTP/1.1" 200 2623
::1 - - [20/Apr/2022:10:24:55 +0200] "GET /functions/defined_post.php?post=1 HTTP/1.1" 200 2340
::1 - - [20/Apr/2022:10:24:56 +0200] "GET /functions/create_comment.php?post=1 HTTP/1.1" 200 2623
::1 - - [20/Apr/2022:10:25:00 +0200] "POST /functions/create_comment.php?post=1 HTTP/1.1" 200 2705
::1 - - [20/Apr/2022:10:25:13 +0200] "GET /posts.php HTTP/1.1" 200 13319
::1 - - [20/Apr/2022:10:25:14 +0200] "GET /functions/defined_post.php?post=1 HTTP/1.1" 200 2467
::1 - - [20/Apr/2022:10:25:16 +0200] "GET /functions/create_comment.php?post=1 HTTP/1.1" 200 2623
::1 - - [20/Apr/2022:10:25:39 +0200] "GET /functions/defined_post.php?post=1 HTTP/1.1" 200 2467
::1 - - [20/Apr/2022:10:26:12 +0200] "GET /posts.php HTTP/1.1" 200 13319
::1 - - [20/Apr/2022:10:26:16 +0200] "GET /functions/defined_post.php?post=26 HTTP/1.1" 200 2011
::1 - - [20/Apr/2022:10:26:17 +0200] "GET /functions/create_comment.php?post=26 HTTP/1.1" 200 2610
::1 - - [20/Apr/2022:10:26:29 +0200] "POST /functions/create_comment.php?post=26 HTTP/1.1" 302 2650
::1 - - [20/Apr/2022:10:26:29 +0200] "GET /functions/defined_post.php?post=26 HTTP/1.1" 200 2132
::1 - - [20/Apr/2022:10:27:06 +0200] "GET /functions/defined_post.php?post=26 HTTP/1.1" 200 2145
::1 - - [20/Apr/2022:10:27:07 +0200] "GET /functions/defined_post.php?post=26 HTTP/1.1" 200 2145
::1 - - [20/Apr/2022:10:27:07 +0200] "GET /functions/defined_post.php?post=26 HTTP/1.1" 200 2145
::1 - - [20/Apr/2022:10:27:20 +0200] "GET /functions/defined_post.php?post=26 HTTP/1.1" 200 2168
::1 - - [20/Apr/2022:10:27:23 +0200] "GET /detail.php HTTP/1.1" 200 3110
::1 - - [20/Apr/2022:10:27:25 +0200] "GET /detail.php HTTP/1.1" 200 3110
::1 - - [20/Apr/2022:10:28:11 +0200] "GET /detail.php HTTP/1.1" 200 3131
::1 - - [20/Apr/2022:10:28:22 +0200] "GET /detail.php HTTP/1.1" 200 3150
::1 - - [20/Apr/2022:10:28:24 +0200] "GET /posts.php HTTP/1.1" 200 13319
::1 - - [20/Apr/2022:10:28:25 +0200] "GET /functions/defined_post.php?post=2 HTTP/1.1" 200 2144
::1 - - [20/Apr/2022:10:28:27 +0200] "GET /posts.php HTTP/1.1" 200 13319
::1 - - [20/Apr/2022:10:28:31 +0200] "GET /functions/defined_post.php?post=2 HTTP/1.1" 200 2144
::1 - - [20/Apr/2022:10:30:04 +0200] "GET /posts.php HTTP/1.1" 200 13319
::1 - - [20/Apr/2022:10:30:34 +0200] "GET /functions/defined_post.php?post=1 HTTP/1.1" 200 5151
::1 - - [20/Apr/2022:10:30:36 +0200] "GET /posts.php HTTP/1.1" 200 13319
::1 - - [20/Apr/2022:10:30:37 +0200] "GET /functions/user_show.php?user_id=9 HTTP/1.1" 200 2290
::1 - - [20/Apr/2022:10:30:53 +0200] "GET /functions/user_show.php?user_id=9 HTTP/1.1" 200 2290
::1 - - [20/Apr/2022:10:30:55 +0200] "GET /posts.php HTTP/1.1" 200 13319
::1 - - [20/Apr/2022:10:30:57 +0200] "GET /functions/defined_post.php?post=1 HTTP/1.1" 200 2665
::1 - - [20/Apr/2022:10:30:58 +0200] "GET /functions/user_show.php?user_id=4 HTTP/1.1" 200 2452
::1 - - [20/Apr/2022:10:31:01 +0200] "GET /functions/defined_post.php?post=1 HTTP/1.1" 200 2665
::1 - - [20/Apr/2022:10:31:02 +0200] "GET /functions/user_show.php?user_id=9 HTTP/1.1" 200 2290
::1 - - [20/Apr/2022:10:31:03 +0200] "GET /functions/defined_post.php?post=1 HTTP/1.1" 200 2665
::1 - - [20/Apr/2022:10:31:04 +0200] "GET /functions/user_show.php?user_id=10 HTTP/1.1" 200 2290
::1 - - [20/Apr/2022:10:31:05 +0200] "GET /functions/defined_post.php?post=1 HTTP/1.1" 200 2665
::1 - - [20/Apr/2022:10:31:06 +0200] "GET /functions/user_show.php?user_id=4 HTTP/1.1" 200 2452
::1 - - [20/Apr/2022:10:31:07 +0200] "GET /functions/defined_post.php?post=1 HTTP/1.1" 200 2665
::1 - - [20/Apr/2022:10:31:08 +0200] "GET /functions/user_show.php?user_id=10 HTTP/1.1" 200 2290
::1 - - [20/Apr/2022:10:31:09 +0200] "GET /functions/defined_post.php?post=1 HTTP/1.1" 200 2665
::1 - - [20/Apr/2022:10:32:16 +0200] "GET /functions/defined_post.php?post=1 HTTP/1.1" 200 2665
::1 - - [20/Apr/2022:10:32:17 +0200] "GET /functions/user_show.php?user_id=9 HTTP/1.1" 200 2290
::1 - - [20/Apr/2022:10:32:19 +0200] "GET /functions/defined_post.php?post=1 HTTP/1.1" 200 2665
::1 - - [20/Apr/2022:10:32:19 +0200] "GET /functions/user_show.php?user_id=4 HTTP/1.1" 200 2762
::1 - - [20/Apr/2022:10:32:42 +0200] "GET /functions/user_show.php?user_id=4 HTTP/1.1" 200 2935
::1 - - [20/Apr/2022:10:32:59 +0200] "GET /functions/user_show.php?user_id=4 HTTP/1.1" 200 3104
::1 - - [20/Apr/2022:10:33:36 +0200] "GET /functions/user_show.php?user_id=4 HTTP/1.1" 200 3104
::1 - - [20/Apr/2022:10:33:48 +0200] "GET /functions/user_show.php?user_id=4 HTTP/1.1" 200 2620
::1 - - [20/Apr/2022:10:34:16 +0200] "GET /functions/user_show.php?user_id=4 HTTP/1.1" 200 2452
::1 - - [20/Apr/2022:10:34:24 +0200] "GET /posts.php HTTP/1.1" 200 13319
::1 - - [20/Apr/2022:10:34:25 +0200] "GET /detail.php HTTP/1.1" 200 3150
::1 - - [20/Apr/2022:10:34:27 +0200] "GET /forums.php HTTP/1.1" 200 6493
::1 - - [20/Apr/2022:10:34:30 +0200] "GET /posts.php HTTP/1.1" 200 13319
::1 - - [20/Apr/2022:10:34:33 +0200] "GET /functions/user_show.php?user_id=9 HTTP/1.1" 200 2290
::1 - - [20/Apr/2022:10:36:19 +0200] "GET /functions/user_show.php?user_id=9 HTTP/1.1" 200 2330
::1 - - [20/Apr/2022:10:36:24 +0200] "GET /posts.php HTTP/1.1" 200 13319
::1 - - [20/Apr/2022:10:36:31 +0200] "GET /functions/defined_post.php?post=1 HTTP/1.1" 200 2665
::1 - - [20/Apr/2022:10:36:32 +0200] "GET /functions/user_show.php?user_id=4 HTTP/1.1" 200 2492
::1 - - [20/Apr/2022:10:36:52 +0200] "GET /functions/user_show.php?user_id=4 HTTP/1.1" 200 2332
::1 - - [20/Apr/2022:10:36:57 +0200] "GET /posts.php HTTP/1.1" 200 13319
::1 - - [20/Apr/2022:10:36:58 +0200] "GET /functions/user_show.php?user_id=9 HTTP/1.1" 200 2330
::1 - - [20/Apr/2022:10:37:00 +0200] "GET /detail.php HTTP/1.1" 200 3150
::1 - - [20/Apr/2022:10:37:02 +0200] "GET /posts.php HTTP/1.1" 200 13319
::1 - - [20/Apr/2022:10:37:03 +0200] "GET /functions/defined_post.php?post=1 HTTP/1.1" 200 2665
::1 - - [20/Apr/2022:10:37:04 +0200] "GET /functions/user_show.php?user_id=10 HTTP/1.1" 200 2330
::1 - - [20/Apr/2022:10:37:05 +0200] "GET /functions/defined_post.php?post=1 HTTP/1.1" 200 2665
::1 - - [20/Apr/2022:10:37:06 +0200] "GET /functions/user_show.php?user_id=4 HTTP/1.1" 200 2332
::1 - - [20/Apr/2022:10:37:07 +0200] "GET /functions/defined_post.php?post=1 HTTP/1.1" 200 2665
::1 - - [20/Apr/2022:10:37:08 +0200] "GET /posts.php HTTP/1.1" 200 13319
::1 - - [20/Apr/2022:10:37:12 +0200] "GET /reg/logout.php HTTP/1.1" 302 -
::1 - - [20/Apr/2022:10:37:12 +0200] "GET /index.php HTTP/1.1" 200 6493
::1 - - [20/Apr/2022:10:37:13 +0200] "GET /reg/register.php HTTP/1.1" 200 3034
::1 - - [20/Apr/2022:10:37:36 +0200] "POST /reg/register.php HTTP/1.1" 200 3088
::1 - - [20/Apr/2022:10:37:38 +0200] "GET /reg/login.php HTTP/1.1" 200 2573
::1 - - [20/Apr/2022:10:37:43 +0200] "POST /reg/login.php HTTP/1.1" 302 2573
::1 - - [20/Apr/2022:10:37:43 +0200] "GET /index.php HTTP/1.1" 200 6493
::1 - - [20/Apr/2022:10:37:45 +0200] "GET /posts.php HTTP/1.1" 200 13319
::1 - - [20/Apr/2022:10:37:46 +0200] "GET /functions/create_post.php HTTP/1.1" 200 2671
::1 - - [20/Apr/2022:10:38:13 +0200] "POST /functions/create_post.php HTTP/1.1" 200 2709
::1 - - [20/Apr/2022:10:38:15 +0200] "GET /posts.php HTTP/1.1" 200 14093
::1 - - [20/Apr/2022:10:38:17 +0200] "GET /forums.php HTTP/1.1" 200 9733
::1 - - [20/Apr/2022:10:38:20 +0200] "GET /functions/defined_post.php?post=29 HTTP/1.1" 200 2049
::1 - - [20/Apr/2022:10:38:21 +0200] "GET /functions/create_comment.php?post=29 HTTP/1.1" 200 2610
::1 - - [20/Apr/2022:10:38:34 +0200] "POST /functions/create_comment.php?post=29 HTTP/1.1" 302 2650
::1 - - [20/Apr/2022:10:38:35 +0200] "GET /functions/defined_post.php?post=29 HTTP/1.1" 200 2233
::1 - - [20/Apr/2022:10:38:47 +0200] "GET /forums.php HTTP/1.1" 200 9733
::1 - - [20/Apr/2022:10:39:09 +0200] "GET /posts.php HTTP/1.1" 200 14093
::1 - - [20/Apr/2022:10:44:09 +0200] "-" 408 -
::1 - - [20/Apr/2022:10:56:48 +0200] "GET /functions/user_show.php?user_id=12 HTTP/1.1" 200 2328
::1 - - [20/Apr/2022:10:56:50 +0200] "GET /posts.php HTTP/1.1" 200 14093
::1 - - [20/Apr/2022:10:56:51 +0200] "GET /detail.php HTTP/1.1" 200 3101
::1 - - [20/Apr/2022:10:56:52 +0200] "GET /functions/profile_edit.php HTTP/1.1" 200 3229
::1 - - [20/Apr/2022:10:57:13 +0200] "POST /functions/profile_edit.php HTTP/1.1" 302 3250
::1 - - [20/Apr/2022:10:57:13 +0200] "GET /detail.php HTTP/1.1" 200 3144
::1 - - [20/Apr/2022:10:57:17 +0200] "GET /posts.php HTTP/1.1" 200 14093
::1 - - [20/Apr/2022:10:57:30 +0200] "GET /functions/user_show.php?user_id=9 HTTP/1.1" 200 2330
::1 - - [20/Apr/2022:10:57:31 +0200] "GET /posts.php HTTP/1.1" 200 14093
::1 - - [20/Apr/2022:10:57:49 +0200] "GET /functions/user_show.php?user_id=9 HTTP/1.1" 200 2330
::1 - - [20/Apr/2022:10:59:06 +0200] "GET /functions/user_show.php?user_id=9 HTTP/1.1" 200 2436
::1 - - [20/Apr/2022:10:59:17 +0200] "GET /functions/user_show.php?user_id=9 HTTP/1.1" 200 2436
::1 - - [20/Apr/2022:10:59:18 +0200] "GET /functions/user_show.php?user_id=9 HTTP/1.1" 200 2436
::1 - - [20/Apr/2022:10:59:41 +0200] "GET /functions/user_show.php?user_id=9 HTTP/1.1" 200 2442
::1 - - [20/Apr/2022:11:00:04 +0200] "GET /functions/user_show.php?user_id=9 HTTP/1.1" 200 2441
::1 - - [20/Apr/2022:11:00:09 +0200] "GET /posts.php HTTP/1.1" 200 14093
::1 - - [20/Apr/2022:11:00:10 +0200] "GET /functions/user_show.php?user_id=11 HTTP/1.1" 200 2435
::1 - - [20/Apr/2022:11:00:11 +0200] "GET /posts.php HTTP/1.1" 200 14093
::1 - - [20/Apr/2022:11:00:12 +0200] "GET /functions/user_show.php?user_id=10 HTTP/1.1" 200 2471
::1 - - [20/Apr/2022:11:00:13 +0200] "GET /posts.php HTTP/1.1" 200 14093
::1 - - [20/Apr/2022:11:00:14 +0200] "GET /functions/user_show.php?user_id=12 HTTP/1.1" 200 2467
::1 - - [20/Apr/2022:11:00:15 +0200] "GET /posts.php HTTP/1.1" 200 14093
::1 - - [20/Apr/2022:11:00:17 +0200] "GET /functions/user_show.php?user_id=9 HTTP/1.1" 200 2441
::1 - - [20/Apr/2022:11:00:52 +0200] "GET /detail.php HTTP/1.1" 200 3144
::1 - - [20/Apr/2022:11:00:55 +0200] "GET /forums.php HTTP/1.1" 200 9733
::1 - - [20/Apr/2022:11:01:01 +0200] "GET /posts.php HTTP/1.1" 200 14093
::1 - - [20/Apr/2022:11:01:03 +0200] "GET /functions/defined_post.php?post=29 HTTP/1.1" 200 2233
::1 - - [20/Apr/2022:11:01:05 +0200] "GET /functions/user_show.php?user_id=12 HTTP/1.1" 200 166
::1 - - [20/Apr/2022:11:01:30 +0200] "GET /functions/user_show.php?user_id=12 HTTP/1.1" 200 2483
::1 - - [20/Apr/2022:11:01:39 +0200] "GET /functions/user_show.php?user_id=12 HTTP/1.1" 200 2485
::1 - - [20/Apr/2022:11:01:56 +0200] "GET /functions/user_show.php?user_id=12 HTTP/1.1" 200 2492
::1 - - [20/Apr/2022:11:02:10 +0200] "GET /functions/user_show.php?user_id=12 HTTP/1.1" 200 2492
::1 - - [20/Apr/2022:11:02:17 +0200] "GET /functions/user_show.php?user_id=12 HTTP/1.1" 200 2493
::1 - - [20/Apr/2022:11:02:32 +0200] "GET /functions/user_show.php?user_id=12 HTTP/1.1" 200 2518
::1 - - [20/Apr/2022:11:02:39 +0200] "GET /functions/user_show.php?user_id=12 HTTP/1.1" 200 2568
::1 - - [20/Apr/2022:11:03:42 +0200] "GET /functions/user_show.php?user_id=12 HTTP/1.1" 200 2577
::1 - - [20/Apr/2022:11:03:45 +0200] "GET /detail.php HTTP/1.1" 200 3144
::1 - - [20/Apr/2022:11:03:54 +0200] "GET /detail.php HTTP/1.1" 200 3144
::1 - - [20/Apr/2022:11:03:55 +0200] "GET /posts.php HTTP/1.1" 200 14093
::1 - - [20/Apr/2022:11:04:05 +0200] "POST /posts.php HTTP/1.1" 200 14093
::1 - - [20/Apr/2022:11:05:17 +0200] "GET /posts.php HTTP/1.1" 200 14093
::1 - - [20/Apr/2022:11:05:18 +0200] "GET /detail.php HTTP/1.1" 200 3144
::1 - - [20/Apr/2022:11:05:20 +0200] "GET /posts.php HTTP/1.1" 200 14093
::1 - - [20/Apr/2022:11:06:45 +0200] "GET /posts.php HTTP/1.1" 200 14597
::1 - - [20/Apr/2022:11:08:42 +0200] "GET /detail.php HTTP/1.1" 200 3144
::1 - - [20/Apr/2022:11:08:51 +0200] "GET /posts.php HTTP/1.1" 200 14597
::1 - - [20/Apr/2022:11:08:53 +0200] "GET /detail.php HTTP/1.1" 200 3144
::1 - - [20/Apr/2022:11:08:55 +0200] "GET /posts.php HTTP/1.1" 200 14597
::1 - - [20/Apr/2022:11:08:57 +0200] "GET /forums.php HTTP/1.1" 200 9733
::1 - - [20/Apr/2022:11:10:10 +0200] "GET /forums.php HTTP/1.1" 200 9730
::1 - - [20/Apr/2022:11:10:54 +0200] "GET /detail.php HTTP/1.1" 200 3144
::1 - - [20/Apr/2022:11:12:10 +0200] "GET /detail.php HTTP/1.1" 200 3144
::1 - - [20/Apr/2022:11:12:12 +0200] "GET /forums.php HTTP/1.1" 200 9730
::1 - - [20/Apr/2022:11:12:36 +0200] "GET /forums.php HTTP/1.1" 200 9861
::1 - - [20/Apr/2022:11:12:46 +0200] "GET /forums.php HTTP/1.1" 200 9861
::1 - - [20/Apr/2022:11:12:47 +0200] "GET /forums.php HTTP/1.1" 200 9861
::1 - - [20/Apr/2022:11:12:48 +0200] "GET /forums.php HTTP/1.1" 200 9861
::1 - - [20/Apr/2022:11:13:47 +0200] "GET /forums.php HTTP/1.1" 200 9726
::1 - - [20/Apr/2022:11:15:46 +0200] "GET /forums.php HTTP/1.1" 200 9733
::1 - - [20/Apr/2022:11:15:53 +0200] "GET /forums.php HTTP/1.1" 200 9889
::1 - - [20/Apr/2022:11:16:33 +0200] "GET /forums.php HTTP/1.1" 200 9901
::1 - - [20/Apr/2022:11:16:46 +0200] "GET /forums.php HTTP/1.1" 200 9872
::1 - - [20/Apr/2022:11:19:52 +0200] "GET /forums.php HTTP/1.1" 200 9812
::1 - - [20/Apr/2022:11:20:28 +0200] "GET /forums.php HTTP/1.1" 200 9799
::1 - - [20/Apr/2022:11:20:36 +0200] "GET /forums.php HTTP/1.1" 200 9799
::1 - - [20/Apr/2022:11:21:03 +0200] "GET /forums.php HTTP/1.1" 200 9745
::1 - - [20/Apr/2022:11:21:06 +0200] "GET /posts.php HTTP/1.1" 200 14597
::1 - - [20/Apr/2022:11:21:09 +0200] "GET /forums.php HTTP/1.1" 200 9745
::1 - - [20/Apr/2022:11:21:10 +0200] "GET /detail.php HTTP/1.1" 200 3144
::1 - - [20/Apr/2022:11:21:53 +0200] "GET /detail.php HTTP/1.1" 200 3154
::1 - - [20/Apr/2022:11:21:58 +0200] "GET /detail.php HTTP/1.1" 200 3152
::1 - - [20/Apr/2022:11:22:03 +0200] "GET /detail.php HTTP/1.1" 200 3152
::1 - - [20/Apr/2022:11:22:06 +0200] "GET /detail.php HTTP/1.1" 200 3152
::1 - - [20/Apr/2022:11:22:26 +0200] "GET /detail.php HTTP/1.1" 200 3213
::1 - - [20/Apr/2022:11:23:42 +0200] "GET /detail.php HTTP/1.1" 200 3256
::1 - - [20/Apr/2022:11:23:52 +0200] "GET /detail.php HTTP/1.1" 200 3289
::1 - - [20/Apr/2022:11:24:06 +0200] "GET /detail.php HTTP/1.1" 200 3289
::1 - - [20/Apr/2022:11:24:14 +0200] "GET /detail.php HTTP/1.1" 200 3285
::1 - - [20/Apr/2022:11:24:20 +0200] "GET /detail.php HTTP/1.1" 200 3283
::1 - - [20/Apr/2022:11:24:32 +0200] "GET /detail.php HTTP/1.1" 200 3344
::1 - - [21/Apr/2022:10:01:35 +0200] "GET / HTTP/1.1" 200 9745
::1 - - [21/Apr/2022:10:01:36 +0200] "GET /css/styles.css HTTP/1.1" 200 7113
::1 - - [21/Apr/2022:10:01:36 +0200] "GET /java/main.js HTTP/1.1" 200 774
::1 - - [21/Apr/2022:10:01:36 +0200] "GET / HTTP/1.1" 200 9745
::1 - - [21/Apr/2022:10:01:36 +0200] "GET /css/aquire.otf HTTP/1.1" 200 24072
::1 - - [21/Apr/2022:10:01:36 +0200] "GET /imgs/a_icon.png HTTP/1.1" 200 416
::1 - - [21/Apr/2022:10:02:00 +0200] "GET /reg/login.php HTTP/1.1" 200 2573
::1 - - [21/Apr/2022:10:02:04 +0200] "POST /reg/login.php HTTP/1.1" 302 2573
::1 - - [21/Apr/2022:10:02:04 +0200] "GET /index.php HTTP/1.1" 200 9745
::1 - - [21/Apr/2022:10:02:07 +0200] "GET /forums.php HTTP/1.1" 200 9745
::1 - - [21/Apr/2022:10:02:10 +0200] "GET /posts.php HTTP/1.1" 200 14597
::1 - - [21/Apr/2022:10:04:33 +0200] "POST /posts.php HTTP/1.1" 200 14597
::1 - - [21/Apr/2022:10:04:59 +0200] "GET /posts.php HTTP/1.1" 200 14597
::1 - - [21/Apr/2022:10:05:01 +0200] "GET /forums.php HTTP/1.1" 200 9745
::1 - - [21/Apr/2022:10:05:04 +0200] "GET /posts.php HTTP/1.1" 200 14597
::1 - - [21/Apr/2022:10:05:07 +0200] "POST /posts.php HTTP/1.1" 200 15334
::1 - - [21/Apr/2022:10:05:23 +0200] "GET /posts.php HTTP/1.1" 200 14597
::1 - - [21/Apr/2022:10:06:20 +0200] "GET /posts.php HTTP/1.1" 200 9274
::1 - - [21/Apr/2022:10:06:27 +0200] "GET /posts.php HTTP/1.1" 200 15717
::1 - - [21/Apr/2022:10:06:58 +0200] "GET /posts.php HTTP/1.1" 200 15717
::1 - - [21/Apr/2022:10:07:03 +0200] "POST /posts.php HTTP/1.1" 200 15717
::1 - - [21/Apr/2022:10:07:08 +0200] "GET /posts.php HTTP/1.1" 200 15717
::1 - - [21/Apr/2022:10:09:59 +0200] "GET /posts.php HTTP/1.1" 200 15693
::1 - - [21/Apr/2022:10:10:01 +0200] "POST /posts.php HTTP/1.1" 200 15693
::1 - - [21/Apr/2022:10:10:20 +0200] "GET /posts.php HTTP/1.1" 200 15698
::1 - - [21/Apr/2022:10:10:23 +0200] "POST /posts.php HTTP/1.1" 200 15698
::1 - - [21/Apr/2022:10:10:27 +0200] "POST /posts.php HTTP/1.1" 200 15698
::1 - - [21/Apr/2022:10:11:01 +0200] "GET /posts.php HTTP/1.1" 200 15428
::1 - - [21/Apr/2022:10:11:05 +0200] "POST /posts.php HTTP/1.1" 200 15428
::1 - - [21/Apr/2022:10:11:13 +0200] "GET /posts.php HTTP/1.1" 200 15428
::1 - - [21/Apr/2022:10:11:15 +0200] "GET /posts.php HTTP/1.1" 200 15428
::1 - - [21/Apr/2022:10:11:17 +0200] "POST /posts.php HTTP/1.1" 200 16165
::1 - - [21/Apr/2022:10:12:01 +0200] "GET /posts.php HTTP/1.1" 200 15429
::1 - - [21/Apr/2022:10:12:02 +0200] "POST /posts.php HTTP/1.1" 200 16166
::1 - - [21/Apr/2022:10:12:33 +0200] "GET /posts.php HTTP/1.1" 200 15427
::1 - - [21/Apr/2022:10:12:52 +0200] "POST /posts.php HTTP/1.1" 200 15772
::1 - - [21/Apr/2022:10:15:21 +0200] "POST /posts.php HTTP/1.1" 200 15427
::1 - - [21/Apr/2022:10:15:25 +0200] "GET / HTTP/1.1" 200 9745
::1 - - [21/Apr/2022:10:15:30 +0200] "GET /posts.php HTTP/1.1" 200 15427
::1 - - [21/Apr/2022:10:15:36 +0200] "POST /posts.php HTTP/1.1" 200 15427
::1 - - [21/Apr/2022:10:15:42 +0200] "POST /posts.php HTTP/1.1" 200 15427
::1 - - [21/Apr/2022:10:15:52 +0200] "POST /posts.php HTTP/1.1" 200 15427
::1 - - [21/Apr/2022:10:17:10 +0200] "GET /posts.php HTTP/1.1" 200 15427
::1 - - [21/Apr/2022:10:17:12 +0200] "POST /posts.php HTTP/1.1" 200 9302
::1 - - [21/Apr/2022:10:17:21 +0200] "POST /posts.php HTTP/1.1" 200 10026
::1 - - [21/Apr/2022:10:18:00 +0200] "POST /posts.php HTTP/1.1" 200 16164
::1 - - [21/Apr/2022:10:18:42 +0200] "POST /posts.php HTTP/1.1" 200 16164
::1 - - [21/Apr/2022:10:18:45 +0200] "POST /posts.php HTTP/1.1" 200 15440
::1 - - [21/Apr/2022:10:19:09 +0200] "POST /posts.php HTTP/1.1" 200 15440
::1 - - [21/Apr/2022:10:19:49 +0200] "GET /posts.php HTTP/1.1" 200 15427
::1 - - [21/Apr/2022:10:19:52 +0200] "POST /posts.php HTTP/1.1" 200 27600
::1 - - [21/Apr/2022:10:20:46 +0200] "POST /posts.php HTTP/1.1" 200 11545
::1 - - [21/Apr/2022:10:21:18 +0200] "POST /posts.php HTTP/1.1" 200 10773
::1 - - [21/Apr/2022:10:21:31 +0200] "POST /posts.php HTTP/1.1" 200 15432
::1 - - [21/Apr/2022:10:21:36 +0200] "POST /posts.php HTTP/1.1" 200 10781
::1 - - [21/Apr/2022:10:21:42 +0200] "POST /posts.php HTTP/1.1" 200 8905
::1 - - [21/Apr/2022:10:21:47 +0200] "GET /posts.php HTTP/1.1" 200 15427
::1 - - [21/Apr/2022:10:23:08 +0200] "GET /posts.php HTTP/1.1" 200 15270
::1 - - [21/Apr/2022:10:23:13 +0200] "GET /posts.php HTTP/1.1" 200 15273
::1 - - [21/Apr/2022:10:23:19 +0200] "GET /posts.php HTTP/1.1" 200 15271
::1 - - [21/Apr/2022:10:23:23 +0200] "POST /posts.php HTTP/1.1" 200 10617
::1 - - [21/Apr/2022:10:26:50 +0200] "POST /posts.php HTTP/1.1" 200 10872
::1 - - [21/Apr/2022:10:27:07 +0200] "POST /posts.php HTTP/1.1" 200 11030
::1 - - [21/Apr/2022:10:27:39 +0200] "POST /posts.php HTTP/1.1" 200 10604
::1 - - [21/Apr/2022:10:27:44 +0200] "GET /posts.php HTTP/1.1" 200 15258
::1 - - [21/Apr/2022:10:28:10 +0200] "GET /forums.php HTTP/1.1" 200 9745
::1 - - [21/Apr/2022:10:31:31 +0200] "GET /forums.php HTTP/1.1" 200 9745
::1 - - [21/Apr/2022:10:31:57 +0200] "GET /forums.php HTTP/1.1" 200 5862
::1 - - [21/Apr/2022:10:32:25 +0200] "GET /forums.php HTTP/1.1" 200 4953
::1 - - [21/Apr/2022:10:32:44 +0200] "GET /forums.php HTTP/1.1" 200 4001
::1 - - [21/Apr/2022:10:32:45 +0200] "GET /forums.php HTTP/1.1" 200 4001
::1 - - [21/Apr/2022:10:32:45 +0200] "GET /forums.php HTTP/1.1" 200 4001
::1 - - [21/Apr/2022:10:32:45 +0200] "GET /forums.php HTTP/1.1" 200 4001
::1 - - [21/Apr/2022:10:39:34 +0200] "GET /forums.php HTTP/1.1" 200 4612
::1 - - [21/Apr/2022:10:39:54 +0200] "GET /forums.php HTTP/1.1" 200 6050
::1 - - [21/Apr/2022:10:40:19 +0200] "GET /forums.php HTTP/1.1" 200 4612
